TN:
SF:src/__tests__/helpers.ts
FN:8,(anonymous_1)
FN:14,(anonymous_2)
FN:59,(anonymous_3)
FNF:3
FNH:0
FNDA:0,(anonymous_1)
FNDA:0,(anonymous_2)
FNDA:0,(anonymous_3)
DA:1,2
DA:2,2
DA:8,2
DA:9,0
DA:10,0
DA:11,0
DA:14,2
DA:15,0
DA:19,2
DA:34,2
DA:46,2
DA:59,2
DA:73,2
LF:13
LH:9
BRF:0
BRH:0
end_of_record
TN:
SF:src/db/inspectionSchema.ts
FNF:0
FNH:0
DA:2,0
DA:10,0
DA:12,0
DA:62,0
DA:69,0
LF:5
LH:0
BRF:0
BRH:0
end_of_record
TN:
SF:src/db/maintenance_historySchema.ts
FNF:0
FNH:0
DA:1,0
DA:9,0
DA:10,0
DA:13,0
DA:37,0
DA:51,0
LF:6
LH:0
BRF:0
BRH:0
end_of_record
TN:
SF:src/db/vehicleSchema.ts
FNF:0
FNH:0
DA:1,0
DA:9,0
DA:11,0
DA:32,0
DA:38,0
LF:5
LH:0
BRF:0
BRH:0
end_of_record
TN:
SF:src/middleware/parseFormData.ts
FN:4,parseFormData
FN:5,(anonymous_1)
FNF:2
FNH:0
FNDA:0,parseFormData
FNDA:0,(anonymous_1)
DA:4,0
DA:5,0
DA:6,0
DA:7,0
DA:8,0
DA:10,0
DA:11,0
DA:14,0
DA:15,0
DA:17,0
DA:18,0
DA:20,0
DA:21,0
DA:26,0
DA:27,0
DA:28,0
DA:29,0
DA:30,0
DA:35,0
DA:36,0
DA:39,0
DA:40,0
DA:42,0
DA:43,0
LF:24
LH:0
BRDA:10,0,0,0
BRDA:10,0,1,0
BRDA:10,1,0,0
BRDA:10,1,1,0
BRDA:15,2,0,0
BRDA:15,2,1,0
BRDA:26,3,0,0
BRDA:26,3,1,0
BRDA:28,4,0,0
BRDA:28,4,1,0
BRF:10
BRH:0
end_of_record
TN:
SF:src/middleware/upload.ts
FNF:0
FNH:0
DA:1,0
DA:3,0
DA:4,0
LF:3
LH:0
BRF:0
BRH:0
end_of_record
TN:
SF:src/middleware/validationMiddleware.ts
FN:5,validateData
FN:6,(anonymous_1)
FN:23,(anonymous_2)
FNF:3
FNH:3
FNDA:9,validateData
FNDA:9,(anonymous_1)
FNDA:9,(anonymous_2)
DA:2,1
DA:5,1
DA:6,9
DA:7,9
DA:8,9
DA:9,9
DA:10,9
DA:13,9
DA:14,3
DA:16,3
DA:17,3
DA:18,3
DA:20,6
DA:22,6
DA:23,9
DA:26,5
DA:27,5
DA:29,1
DA:30,1
LF:19
LH:19
BRDA:10,0,0,1
BRDA:10,0,1,8
BRDA:22,1,0,5
BRDA:22,1,1,1
BRF:4
BRH:4
end_of_record
TN:
SF:src/routes/Inspection/index.ts
FNF:0
FNH:0
DA:1,0
DA:2,0
DA:9,0
DA:10,0
DA:11,0
DA:12,0
DA:13,0
DA:16,0
DA:17,0
DA:18,0
DA:19,0
DA:30,0
DA:32,0
LF:13
LH:0
BRF:0
BRH:0
end_of_record
TN:
SF:src/routes/Inspection/inspectionController.ts
FN:10,getInspections
FN:27,getInspectionByDate
FN:67,getInspectionById
FN:92,createInspection
FN:120,(anonymous_4)
FN:121,(anonymous_5)
FN:124,(anonymous_6)
FN:138,(anonymous_7)
FN:141,(anonymous_8)
FN:169,(anonymous_9)
FN:199,(anonymous_10)
FNF:11
FNH:0
FNDA:0,getInspections
FNDA:0,getInspectionByDate
FNDA:0,getInspectionById
FNDA:0,createInspection
FNDA:0,(anonymous_4)
FNDA:0,(anonymous_5)
FNDA:0,(anonymous_6)
FNDA:0,(anonymous_7)
FNDA:0,(anonymous_8)
FNDA:0,(anonymous_9)
FNDA:0,(anonymous_10)
DA:2,0
DA:3,0
DA:4,0
DA:6,0
DA:7,0
DA:10,0
DA:11,0
DA:12,0
DA:13,0
DA:15,0
DA:16,0
DA:19,0
DA:20,0
DA:27,0
DA:28,0
DA:29,0
DA:31,0
DA:32,0
DA:37,0
DA:38,0
DA:40,0
DA:41,0
DA:51,0
DA:52,0
DA:57,0
DA:59,0
DA:60,0
DA:67,0
DA:68,0
DA:69,0
DA:71,0
DA:72,0
DA:75,0
DA:79,0
DA:80,0
DA:82,0
DA:84,0
DA:85,0
DA:92,0
DA:93,0
DA:94,0
DA:95,0
DA:96,0
DA:97,0
DA:98,0
DA:99,0
DA:100,0
DA:101,0
DA:103,0
DA:105,0
DA:107,0
DA:108,0
DA:109,0
DA:112,0
DA:113,0
DA:116,0
DA:117,0
DA:118,0
DA:121,0
DA:122,0
DA:125,0
DA:126,0
DA:129,0
DA:136,0
DA:137,0
DA:138,0
DA:139,0
DA:142,0
DA:143,0
DA:146,0
DA:151,0
DA:161,0
DA:163,0
DA:164,0
DA:169,0
DA:170,0
DA:171,0
DA:174,0
DA:179,0
DA:180,0
DA:184,0
DA:185,0
DA:189,0
DA:190,0
DA:197,0
DA:198,0
DA:200,0
DA:202,0
DA:206,0
DA:208,0
DA:212,0
DA:213,0
LF:92
LH:0
BRDA:15,0,0,0
BRDA:15,0,1,0
BRDA:31,1,0,0
BRDA:31,1,1,0
BRDA:31,2,0,0
BRDA:31,2,1,0
BRDA:51,3,0,0
BRDA:51,3,1,0
BRDA:71,4,0,0
BRDA:71,4,1,0
BRDA:79,5,0,0
BRDA:79,5,1,0
BRDA:96,6,0,0
BRDA:96,6,1,0
BRDA:99,7,0,0
BRDA:99,7,1,0
BRDA:100,8,0,0
BRDA:100,8,1,0
BRDA:107,9,0,0
BRDA:107,9,1,0
BRDA:116,10,0,0
BRDA:116,10,1,0
BRDA:116,11,0,0
BRDA:116,11,1,0
BRDA:125,12,0,0
BRDA:125,12,1,0
BRDA:126,13,0,0
BRDA:126,13,1,0
BRDA:136,14,0,0
BRDA:136,14,1,0
BRDA:136,15,0,0
BRDA:136,15,1,0
BRDA:142,16,0,0
BRDA:142,16,1,0
BRDA:143,17,0,0
BRDA:143,17,1,0
BRDA:179,18,0,0
BRDA:179,18,1,0
BRDA:184,19,0,0
BRDA:184,19,1,0
BRDA:189,20,0,0
BRDA:189,20,1,0
BRDA:197,21,0,0
BRDA:197,21,1,0
BRF:44
BRH:0
end_of_record
TN:
SF:src/routes/MaintenanceHistory/MaintenanceController.ts
FN:9,createMaintenance
FN:47,(anonymous_1)
FN:50,(anonymous_2)
FN:65,(anonymous_3)
FN:66,(anonymous_4)
FN:69,(anonymous_5)
FN:86,(anonymous_6)
FN:87,(anonymous_7)
FN:90,(anonymous_8)
FN:132,updateMaintenance
FN:151,(anonymous_10)
FN:154,(anonymous_11)
FN:170,(anonymous_12)
FN:171,(anonymous_13)
FN:174,(anonymous_14)
FN:191,(anonymous_15)
FN:192,(anonymous_16)
FN:195,(anonymous_17)
FN:233,getByVehicle
FN:268,getMaintenanceHistory
FN:286,getMaintenanceById
FN:307,(anonymous_21)
FN:333,(anonymous_22)
FN:342,(anonymous_23)
FNF:24
FNH:0
FNDA:0,createMaintenance
FNDA:0,(anonymous_1)
FNDA:0,(anonymous_2)
FNDA:0,(anonymous_3)
FNDA:0,(anonymous_4)
FNDA:0,(anonymous_5)
FNDA:0,(anonymous_6)
FNDA:0,(anonymous_7)
FNDA:0,(anonymous_8)
FNDA:0,updateMaintenance
FNDA:0,(anonymous_10)
FNDA:0,(anonymous_11)
FNDA:0,(anonymous_12)
FNDA:0,(anonymous_13)
FNDA:0,(anonymous_14)
FNDA:0,(anonymous_15)
FNDA:0,(anonymous_16)
FNDA:0,(anonymous_17)
FNDA:0,getByVehicle
FNDA:0,getMaintenanceHistory
FNDA:0,getMaintenanceById
FNDA:0,(anonymous_21)
FNDA:0,(anonymous_22)
FNDA:0,(anonymous_23)
DA:2,0
DA:3,0
DA:4,0
DA:5,0
DA:6,0
DA:9,0
DA:10,0
DA:11,0
DA:13,0
DA:14,0
DA:18,0
DA:22,0
DA:23,0
DA:24,0
DA:29,0
DA:33,0
DA:34,0
DA:38,0
DA:39,0
DA:40,0
DA:42,0
DA:45,0
DA:46,0
DA:47,0
DA:48,0
DA:51,0
DA:52,0
DA:55,0
DA:61,0
DA:62,0
DA:63,0
DA:66,0
DA:67,0
DA:70,0
DA:71,0
DA:74,0
DA:82,0
DA:83,0
DA:84,0
DA:87,0
DA:88,0
DA:91,0
DA:92,0
DA:95,0
DA:103,0
DA:116,0
DA:121,0
DA:126,0
DA:127,0
DA:132,0
DA:133,0
DA:134,0
DA:135,0
DA:138,0
DA:139,0
DA:145,0
DA:148,0
DA:149,0
DA:150,0
DA:152,0
DA:155,0
DA:156,0
DA:159,0
DA:166,0
DA:167,0
DA:168,0
DA:171,0
DA:172,0
DA:175,0
DA:176,0
DA:179,0
DA:187,0
DA:188,0
DA:189,0
DA:192,0
DA:193,0
DA:196,0
DA:197,0
DA:200,0
DA:208,0
DA:209,0
DA:210,0
DA:213,0
DA:219,0
DA:220,0
DA:223,0
DA:227,0
DA:228,0
DA:233,0
DA:234,0
DA:235,0
DA:238,0
DA:243,0
DA:244,0
DA:248,0
DA:253,0
DA:263,0
DA:264,0
DA:268,0
DA:269,0
DA:271,0
DA:276,0
DA:281,0
DA:282,0
DA:286,0
DA:287,0
DA:288,0
DA:291,0
DA:296,0
DA:297,0
DA:300,0
DA:302,0
DA:303,0
DA:307,0
DA:308,0
DA:309,0
DA:312,0
DA:317,0
DA:318,0
DA:322,0
DA:323,0
DA:324,0
DA:325,0
DA:331,0
DA:332,0
DA:334,0
DA:336,0
DA:340,0
DA:341,0
DA:343,0
DA:345,0
DA:349,0
DA:351,0
DA:355,0
DA:356,0
LF:135
LH:0
BRDA:13,0,0,0
BRDA:13,0,1,0
BRDA:22,1,0,0
BRDA:22,1,1,0
BRDA:33,2,0,0
BRDA:33,2,1,0
BRDA:42,3,0,0
BRDA:42,3,1,0
BRDA:45,4,0,0
BRDA:45,4,1,0
BRDA:51,5,0,0
BRDA:51,5,1,0
BRDA:52,6,0,0
BRDA:52,6,1,0
BRDA:61,7,0,0
BRDA:61,7,1,0
BRDA:70,8,0,0
BRDA:70,8,1,0
BRDA:71,9,0,0
BRDA:71,9,1,0
BRDA:82,10,0,0
BRDA:82,10,1,0
BRDA:91,11,0,0
BRDA:91,11,1,0
BRDA:92,12,0,0
BRDA:92,12,1,0
BRDA:106,13,0,0
BRDA:106,13,1,0
BRDA:107,14,0,0
BRDA:107,14,1,0
BRDA:138,15,0,0
BRDA:138,15,1,0
BRDA:138,16,0,0
BRDA:138,16,1,0
BRDA:145,17,0,0
BRDA:145,17,1,0
BRDA:148,18,0,0
BRDA:148,18,1,0
BRDA:155,19,0,0
BRDA:155,19,1,0
BRDA:156,20,0,0
BRDA:156,20,1,0
BRDA:166,21,0,0
BRDA:166,21,1,0
BRDA:175,22,0,0
BRDA:175,22,1,0
BRDA:176,23,0,0
BRDA:176,23,1,0
BRDA:187,24,0,0
BRDA:187,24,1,0
BRDA:196,25,0,0
BRDA:196,25,1,0
BRDA:197,26,0,0
BRDA:197,26,1,0
BRDA:208,27,0,0
BRDA:208,27,1,0
BRDA:209,28,0,0
BRDA:209,28,1,0
BRDA:219,29,0,0
BRDA:219,29,1,0
BRDA:243,30,0,0
BRDA:243,30,1,0
BRDA:296,31,0,0
BRDA:296,31,1,0
BRDA:317,32,0,0
BRDA:317,32,1,0
BRDA:322,33,0,0
BRDA:322,33,1,0
BRDA:324,34,0,0
BRDA:324,34,1,0
BRDA:331,35,0,0
BRDA:331,35,1,0
BRDA:340,36,0,0
BRDA:340,36,1,0
BRF:74
BRH:0
end_of_record
TN:
SF:src/routes/MaintenanceHistory/index.ts
FNF:0
FNH:0
DA:1,0
DA:2,0
DA:10,0
DA:11,0
DA:12,0
DA:17,0
DA:20,0
DA:22,0
DA:23,0
DA:25,0
DA:35,0
DA:36,0
DA:38,0
LF:13
LH:0
BRF:0
BRH:0
end_of_record
TN:
SF:src/routes/vehicle/index.ts
FNF:0
FNH:0
DA:1,0
DA:2,0
DA:10,0
DA:11,0
DA:16,0
DA:18,0
DA:19,0
DA:20,0
DA:21,0
DA:22,0
DA:23,0
DA:25,0
LF:12
LH:0
BRF:0
BRH:0
end_of_record
TN:
SF:src/routes/vehicle/vehicleController.ts
FN:9,getVehicles
FN:19,getVehicleById
FN:42,addVehicle
FN:60,(anonymous_3)
FN:61,(anonymous_4)
FN:84,(anonymous_5)
FN:118,updateVehicle
FN:165,deleteVehicle
FN:170,(anonymous_8)
FN:176,(anonymous_9)
FN:182,getVehicleByLicense
FNF:11
FNH:0
FNDA:0,getVehicles
FNDA:0,getVehicleById
FNDA:0,addVehicle
FNDA:0,(anonymous_3)
FNDA:0,(anonymous_4)
FNDA:0,(anonymous_5)
FNDA:0,updateVehicle
FNDA:0,deleteVehicle
FNDA:0,(anonymous_8)
FNDA:0,(anonymous_9)
FNDA:0,getVehicleByLicense
DA:2,0
DA:3,0
DA:4,0
DA:6,0
DA:9,0
DA:10,0
DA:11,0
DA:12,0
DA:14,0
DA:19,0
DA:20,0
DA:21,0
DA:22,0
DA:23,0
DA:27,0
DA:31,0
DA:32,0
DA:35,0
DA:37,0
DA:38,0
DA:42,0
DA:43,0
DA:55,0
DA:58,0
DA:59,0
DA:60,0
DA:61,0
DA:63,0
DA:64,0
DA:71,0
DA:82,0
DA:83,0
DA:84,0
DA:85,0
DA:86,0
DA:88,0
DA:89,0
DA:91,0
DA:92,0
DA:95,0
DA:98,0
DA:99,0
DA:102,0
DA:106,0
DA:107,0
DA:110,0
DA:111,0
DA:112,0
DA:118,0
DA:119,0
DA:120,0
DA:121,0
DA:124,0
DA:125,0
DA:131,0
DA:132,0
DA:133,0
DA:134,0
DA:139,0
DA:140,0
DA:142,0
DA:143,0
DA:147,0
DA:153,0
DA:154,0
DA:157,0
DA:159,0
DA:160,0
DA:165,0
DA:166,0
DA:168,0
DA:171,0
DA:172,0
DA:174,0
DA:177,0
DA:178,0
DA:182,0
DA:183,0
DA:184,0
DA:187,0
DA:192,0
DA:193,0
DA:196,0
DA:198,0
DA:199,0
LF:85
LH:0
BRDA:14,0,0,0
BRDA:14,0,1,0
BRDA:22,1,0,0
BRDA:22,1,1,0
BRDA:31,2,0,0
BRDA:31,2,1,0
BRDA:60,3,0,0
BRDA:60,3,1,0
BRDA:63,4,0,0
BRDA:63,4,1,0
BRDA:82,5,0,0
BRDA:82,5,1,0
BRDA:85,6,0,0
BRDA:85,6,1,0
BRDA:88,7,0,0
BRDA:88,7,1,0
BRDA:91,8,0,0
BRDA:91,8,1,0
BRDA:98,9,0,0
BRDA:98,9,1,0
BRDA:99,10,0,0
BRDA:99,10,1,0
BRDA:112,11,0,0
BRDA:112,11,1,0
BRDA:124,12,0,0
BRDA:124,12,1,0
BRDA:133,13,0,0
BRDA:133,13,1,0
BRDA:133,14,0,0
BRDA:133,14,1,0
BRDA:139,15,0,0
BRDA:139,15,1,0
BRDA:142,16,0,0
BRDA:142,16,1,0
BRDA:153,17,0,0
BRDA:153,17,1,0
BRDA:171,18,0,0
BRDA:171,18,1,0
BRDA:192,19,0,0
BRDA:192,19,1,0
BRF:40
BRH:0
end_of_record
TN:
SF:src/routes/vehicle/vehicleImages.ts
FNF:0
FNH:0
DA:3,0
LF:1
LH:0
BRF:0
BRH:0
end_of_record
TN:
SF:src/utils/cloudinary.ts
FNF:0
FNH:0
DA:1,0
DA:3,0
DA:9,0
LF:3
LH:0
BRF:0
BRH:0
end_of_record
